INFO:root:Reading image paths text file...
INFO:root:11 images found.
INFO:root:img0002 from filepath F:\Documents\SFM_Project\images\images\img0002.jpg opened successfully.
INFO:root:img0008 from filepath F:\Documents\SFM_Project\images\images\img0008.jpg opened successfully.
INFO:root:Existing features for img0002 found in features directory.
INFO:root:Existing features for img0008 found in features directory.
INFO:root:Generating feature matches between img0002 and img0008.
INFO:root:4376 matches found.
INFO:root:194 good matches found from 4376 matches.
INFO:root:Triangulating 3D points...
INFO:root:Triangulating 3D points...
INFO:root:Triangulating 3D points...
INFO:root:Triangulating 3D points...
INFO:root:Found empty world points set. Appending 3D coordinates from baseline...
INFO:root:Appended 69 3D points to world coordinates set.
INFO:root:img0000 from filepath F:\Documents\SFM_Project\images\images\img0000.jpg opened successfully.
INFO:root:Existing features for img0000 found in features directory.
INFO:root:977 good matches found from 3798 matches between img0000 and img0002.
INFO:root:Sufficient matches found between img0000 and img0002.
INFO:root:Found 16 3D points in img0002 matching img0000.
INFO:root:132 good matches found from 3798 matches between img0000 and img0008.
INFO:root:Sufficient matches found between img0000 and img0008.
INFO:root:Found 28 3D points in img0008 matching img0000.
INFO:root:Pose for img0000 calculated.
INFO:root:Triangulating 3D points...
INFO:root:Appending 3D coordinates to existing world points set...
INFO:root:Appended 868 3D points to world coordinates set.
INFO:root:Triangulating 3D points...
INFO:root:Appending 3D coordinates to existing world points set...
INFO:root:Appended 32 3D points to world coordinates set.
INFO:root:img0001 from filepath F:\Documents\SFM_Project\images\images\img0001.jpg opened successfully.
INFO:root:Existing features for img0001 found in features directory.
INFO:root:2022 good matches found from 4405 matches between img0001 and img0002.
INFO:root:Sufficient matches found between img0001 and img0002.
INFO:root:Found 489 3D points in img0002 matching img0001.
INFO:root:170 good matches found from 4405 matches between img0001 and img0008.
INFO:root:Sufficient matches found between img0001 and img0008.
INFO:root:Found 509 3D points in img0008 matching img0001.
INFO:root:1732 good matches found from 4405 matches between img0001 and img0000.
INFO:root:Sufficient matches found between img0001 and img0000.
INFO:root:Found 979 3D points in img0000 matching img0001.
INFO:root:Pose for img0001 calculated.
INFO:root:Triangulating 3D points...
INFO:root:Appending 3D coordinates to existing world points set...
INFO:root:Appended 1882 3D points to world coordinates set.
INFO:root:Triangulating 3D points...
INFO:root:Appending 3D coordinates to existing world points set...
INFO:root:Appended 23 3D points to world coordinates set.
INFO:root:Triangulating 3D points...
INFO:root:Appending 3D coordinates to existing world points set...
INFO:root:Appended 1564 3D points to world coordinates set.
INFO:root:img0003 from filepath F:\Documents\SFM_Project\images\images\img0003.jpg opened successfully.
INFO:root:Existing features for img0003 found in features directory.
INFO:root:2216 good matches found from 4617 matches between img0003 and img0002.
INFO:root:Sufficient matches found between img0003 and img0002.
INFO:root:Found 1424 3D points in img0002 matching img0003.
INFO:root:265 good matches found from 4617 matches between img0003 and img0008.
INFO:root:Sufficient matches found between img0003 and img0008.
INFO:root:Found 1450 3D points in img0008 matching img0003.
INFO:root:662 good matches found from 4617 matches between img0003 and img0000.
INFO:root:Sufficient matches found between img0003 and img0000.
INFO:root:Found 1796 3D points in img0000 matching img0003.
INFO:root:1391 good matches found from 4617 matches between img0003 and img0001.
INFO:root:Sufficient matches found between img0003 and img0001.
INFO:root:Found 2990 3D points in img0001 matching img0003.
INFO:root:Pose for img0003 calculated.
INFO:root:Triangulating 3D points...
INFO:root:Appending 3D coordinates to existing world points set...
INFO:root:Appended 2062 3D points to world coordinates set.
INFO:root:Triangulating 3D points...
INFO:root:Appending 3D coordinates to existing world points set...
INFO:root:Appended 129 3D points to world coordinates set.
INFO:root:Triangulating 3D points...
INFO:root:Appending 3D coordinates to existing world points set...
INFO:root:Appended 499 3D points to world coordinates set.
INFO:root:Triangulating 3D points...
INFO:root:Appending 3D coordinates to existing world points set...
INFO:root:Appended 1263 3D points to world coordinates set.
INFO:root:img0004 from filepath F:\Documents\SFM_Project\images\images\img0004.jpg opened successfully.
INFO:root:Existing features for img0004 found in features directory.
INFO:root:1433 good matches found from 4583 matches between img0004 and img0002.
INFO:root:Sufficient matches found between img0004 and img0002.
INFO:root:Found 1199 3D points in img0002 matching img0004.
INFO:root:394 good matches found from 4583 matches between img0004 and img0008.
INFO:root:Sufficient matches found between img0004 and img0008.
INFO:root:Found 1231 3D points in img0008 matching img0004.
INFO:root:454 good matches found from 4583 matches between img0004 and img0000.
INFO:root:Sufficient matches found between img0004 and img0000.
INFO:root:Found 1486 3D points in img0000 matching img0004.
INFO:root:871 good matches found from 4583 matches between img0004 and img0001.
INFO:root:Sufficient matches found between img0004 and img0001.
INFO:root:Found 2252 3D points in img0001 matching img0004.
INFO:root:2078 good matches found from 4583 matches between img0004 and img0003.
INFO:root:Sufficient matches found between img0004 and img0003.
INFO:root:Found 3272 3D points in img0003 matching img0004.
INFO:root:Pose for img0004 calculated.
INFO:root:Triangulating 3D points...
INFO:root:Appending 3D coordinates to existing world points set...
INFO:root:Appended 1319 3D points to world coordinates set.
INFO:root:Triangulating 3D points...
INFO:root:Appending 3D coordinates to existing world points set...
INFO:root:Appended 254 3D points to world coordinates set.
INFO:root:Triangulating 3D points...
INFO:root:Appending 3D coordinates to existing world points set...
INFO:root:Appended 323 3D points to world coordinates set.
INFO:root:Triangulating 3D points...
INFO:root:Appending 3D coordinates to existing world points set...
INFO:root:Appended 729 3D points to world coordinates set.
INFO:root:Triangulating 3D points...
INFO:root:Appending 3D coordinates to existing world points set...
INFO:root:Appended 1964 3D points to world coordinates set.
INFO:root:img0005 from filepath F:\Documents\SFM_Project\images\images\img0005.jpg opened successfully.
INFO:root:Existing features for img0005 found in features directory.
INFO:root:984 good matches found from 4183 matches between img0005 and img0002.
INFO:root:Sufficient matches found between img0005 and img0002.
INFO:root:Found 907 3D points in img0002 matching img0005.
INFO:root:617 good matches found from 4183 matches between img0005 and img0008.
INFO:root:Sufficient matches found between img0005 and img0008.
INFO:root:Found 1082 3D points in img0008 matching img0005.
INFO:root:353 good matches found from 4183 matches between img0005 and img0000.
INFO:root:Sufficient matches found between img0005 and img0000.
INFO:root:Found 1279 3D points in img0000 matching img0005.
INFO:root:617 good matches found from 4183 matches between img0005 and img0001.
INFO:root:Sufficient matches found between img0005 and img0001.
INFO:root:Found 1847 3D points in img0001 matching img0005.
INFO:root:1476 good matches found from 4183 matches between img0005 and img0003.
INFO:root:Sufficient matches found between img0005 and img0003.
INFO:root:Found 3126 3D points in img0003 matching img0005.
INFO:root:2237 good matches found from 4183 matches between img0005 and img0004.
INFO:root:Sufficient matches found between img0005 and img0004.
INFO:root:Found 4662 3D points in img0004 matching img0005.
INFO:root:Pose for img0005 calculated.
INFO:root:Triangulating 3D points...
INFO:root:Appending 3D coordinates to existing world points set...
INFO:root:Appended 818 3D points to world coordinates set.
INFO:root:Triangulating 3D points...
INFO:root:Appending 3D coordinates to existing world points set...
INFO:root:Appended 425 3D points to world coordinates set.
INFO:root:Triangulating 3D points...
INFO:root:Appending 3D coordinates to existing world points set...
INFO:root:Appended 229 3D points to world coordinates set.
INFO:root:Triangulating 3D points...
INFO:root:Appending 3D coordinates to existing world points set...
INFO:root:Appended 495 3D points to world coordinates set.
INFO:root:Triangulating 3D points...
INFO:root:Appending 3D coordinates to existing world points set...
INFO:root:Appended 1346 3D points to world coordinates set.
INFO:root:Triangulating 3D points...
INFO:root:Appending 3D coordinates to existing world points set...
INFO:root:Appended 2110 3D points to world coordinates set.
INFO:root:img0006 from filepath F:\Documents\SFM_Project\images\images\img0006.jpg opened successfully.
INFO:root:Existing features for img0006 found in features directory.
INFO:root:667 good matches found from 4817 matches between img0006 and img0002.
INFO:root:Sufficient matches found between img0006 and img0002.
INFO:root:Found 607 3D points in img0002 matching img0006.
INFO:root:1133 good matches found from 4817 matches between img0006 and img0008.
INFO:root:Sufficient matches found between img0006 and img0008.
INFO:root:Found 805 3D points in img0008 matching img0006.
INFO:root:320 good matches found from 4817 matches between img0006 and img0000.
INFO:root:Sufficient matches found between img0006 and img0000.
INFO:root:Found 952 3D points in img0000 matching img0006.
INFO:root:494 good matches found from 4817 matches between img0006 and img0001.
INFO:root:Sufficient matches found between img0006 and img0001.
INFO:root:Found 1380 3D points in img0001 matching img0006.
INFO:root:1028 good matches found from 4817 matches between img0006 and img0003.
INFO:root:Sufficient matches found between img0006 and img0003.
INFO:root:Found 2282 3D points in img0003 matching img0006.
INFO:root:1586 good matches found from 4817 matches between img0006 and img0004.
INFO:root:Sufficient matches found between img0006 and img0004.
INFO:root:Found 3673 3D points in img0004 matching img0006.
INFO:root:2269 good matches found from 4817 matches between img0006 and img0005.
INFO:root:Sufficient matches found between img0006 and img0005.
INFO:root:Found 4935 3D points in img0005 matching img0006.
INFO:root:Pose for img0006 calculated.
INFO:root:Triangulating 3D points...
INFO:root:Appending 3D coordinates to existing world points set...
INFO:root:Appended 502 3D points to world coordinates set.
INFO:root:Triangulating 3D points...
INFO:root:Appending 3D coordinates to existing world points set...
INFO:root:Appended 885 3D points to world coordinates set.
INFO:root:Triangulating 3D points...
INFO:root:Appending 3D coordinates to existing world points set...
INFO:root:Appended 173 3D points to world coordinates set.
INFO:root:Triangulating 3D points...
INFO:root:Appending 3D coordinates to existing world points set...
INFO:root:Appended 327 3D points to world coordinates set.
INFO:root:Triangulating 3D points...
INFO:root:Appending 3D coordinates to existing world points set...
INFO:root:Appended 891 3D points to world coordinates set.
INFO:root:Triangulating 3D points...
INFO:root:Appending 3D coordinates to existing world points set...
INFO:root:Appended 1273 3D points to world coordinates set.
INFO:root:Triangulating 3D points...
INFO:root:Appending 3D coordinates to existing world points set...
INFO:root:Appended 2035 3D points to world coordinates set.
INFO:root:img0007 from filepath F:\Documents\SFM_Project\images\images\img0007.jpg opened successfully.
INFO:root:Features for img0007 not found in F:\Documents\SFM_Project\features/.
INFO:root:Extracting features from img0007...
INFO:root:Feature extraction complete.
INFO:root:Writing features of image img0007 to file...
INFO:root:Features saved.
INFO:root:401 good matches found from 4277 matches between img0007 and img0002.
INFO:root:Sufficient matches found between img0007 and img0002.
INFO:root:Found 366 3D points in img0002 matching img0007.
INFO:root:1772 good matches found from 4277 matches between img0007 and img0008.
INFO:root:Sufficient matches found between img0007 and img0008.
INFO:root:Found 618 3D points in img0008 matching img0007.
INFO:root:240 good matches found from 4277 matches between img0007 and img0000.
INFO:root:Sufficient matches found between img0007 and img0000.
INFO:root:Found 741 3D points in img0000 matching img0007.
INFO:root:327 good matches found from 4277 matches between img0007 and img0001.
INFO:root:Sufficient matches found between img0007 and img0001.
INFO:root:Found 1014 3D points in img0001 matching img0007.
INFO:root:605 good matches found from 4277 matches between img0007 and img0003.
INFO:root:Sufficient matches found between img0007 and img0003.
INFO:root:Found 1513 3D points in img0003 matching img0007.
INFO:root:997 good matches found from 4277 matches between img0007 and img0004.
INFO:root:Sufficient matches found between img0007 and img0004.
INFO:root:Found 2393 3D points in img0004 matching img0007.
INFO:root:1434 good matches found from 4277 matches between img0007 and img0005.
INFO:root:Sufficient matches found between img0007 and img0005.
INFO:root:Found 3285 3D points in img0005 matching img0007.
INFO:root:2262 good matches found from 4277 matches between img0007 and img0006.
INFO:root:Sufficient matches found between img0007 and img0006.
INFO:root:Found 4398 3D points in img0006 matching img0007.
INFO:root:Pose for img0007 calculated.
INFO:root:Triangulating 3D points...
INFO:root:Appending 3D coordinates to existing world points set...
INFO:root:Appended 268 3D points to world coordinates set.
INFO:root:Triangulating 3D points...
INFO:root:Appending 3D coordinates to existing world points set...
INFO:root:Appended 1541 3D points to world coordinates set.
INFO:root:Triangulating 3D points...
INFO:root:Appending 3D coordinates to existing world points set...
INFO:root:Appended 134 3D points to world coordinates set.
INFO:root:Triangulating 3D points...
INFO:root:Appending 3D coordinates to existing world points set...
INFO:root:Appended 204 3D points to world coordinates set.
INFO:root:Triangulating 3D points...
INFO:root:Appending 3D coordinates to existing world points set...
INFO:root:Appended 457 3D points to world coordinates set.
INFO:root:Triangulating 3D points...
INFO:root:Appending 3D coordinates to existing world points set...
INFO:root:Appended 817 3D points to world coordinates set.
INFO:root:Triangulating 3D points...
INFO:root:Appending 3D coordinates to existing world points set...
INFO:root:Appended 1272 3D points to world coordinates set.
INFO:root:Triangulating 3D points...
INFO:root:Appending 3D coordinates to existing world points set...
INFO:root:Appended 1932 3D points to world coordinates set.
INFO:root:img0009 from filepath F:\Documents\SFM_Project\images\images\img0009.jpg opened successfully.
INFO:root:Features for img0009 not found in F:\Documents\SFM_Project\features/.
INFO:root:Extracting features from img0009...
INFO:root:Feature extraction complete.
INFO:root:Writing features of image img0009 to file...
INFO:root:Features saved.
INFO:root:192 good matches found from 6509 matches between img0009 and img0002.
INFO:root:Sufficient matches found between img0009 and img0002.
INFO:root:Found 140 3D points in img0002 matching img0009.
INFO:root:2410 good matches found from 6509 matches between img0009 and img0008.
INFO:root:Sufficient matches found between img0009 and img0008.
INFO:root:Found 418 3D points in img0008 matching img0009.
INFO:root:160 good matches found from 6509 matches between img0009 and img0000.
INFO:root:Sufficient matches found between img0009 and img0000.
INFO:root:Found 479 3D points in img0000 matching img0009.
INFO:root:161 good matches found from 6509 matches between img0009 and img0001.
INFO:root:Sufficient matches found between img0009 and img0001.
INFO:root:Found 586 3D points in img0001 matching img0009.
INFO:root:192 good matches found from 6509 matches between img0009 and img0003.
INFO:root:Sufficient matches found between img0009 and img0003.
INFO:root:Found 701 3D points in img0003 matching img0009.
INFO:root:245 good matches found from 6509 matches between img0009 and img0004.
INFO:root:Sufficient matches found between img0009 and img0004.
INFO:root:Found 889 3D points in img0004 matching img0009.
INFO:root:372 good matches found from 6509 matches between img0009 and img0005.
INFO:root:Sufficient matches found between img0009 and img0005.
INFO:root:Found 1118 3D points in img0005 matching img0009.
INFO:root:621 good matches found from 6509 matches between img0009 and img0006.
INFO:root:Sufficient matches found between img0009 and img0006.
INFO:root:Found 1390 3D points in img0006 matching img0009.
INFO:root:957 good matches found from 6509 matches between img0009 and img0007.
INFO:root:Sufficient matches found between img0009 and img0007.
INFO:root:Found 1641 3D points in img0007 matching img0009.
INFO:root:Pose for img0009 calculated.
INFO:root:Triangulating 3D points...
INFO:root:Appending 3D coordinates to existing world points set...
INFO:root:Appended 23 3D points to world coordinates set.
INFO:root:Triangulating 3D points...
INFO:root:Appending 3D coordinates to existing world points set...
INFO:root:Appended 1941 3D points to world coordinates set.
INFO:root:Triangulating 3D points...
INFO:root:Appending 3D coordinates to existing world points set...
INFO:root:Appended 17 3D points to world coordinates set.
INFO:root:Triangulating 3D points...
INFO:root:Appending 3D coordinates to existing world points set...
INFO:root:Appended 15 3D points to world coordinates set.
INFO:root:Triangulating 3D points...
INFO:root:Appending 3D coordinates to existing world points set...
INFO:root:Appended 50 3D points to world coordinates set.
INFO:root:Triangulating 3D points...
INFO:root:Appending 3D coordinates to existing world points set...
INFO:root:Appended 135 3D points to world coordinates set.
INFO:root:Triangulating 3D points...
INFO:root:Appending 3D coordinates to existing world points set...
INFO:root:Appended 207 3D points to world coordinates set.
INFO:root:Triangulating 3D points...
INFO:root:Appending 3D coordinates to existing world points set...
INFO:root:Appended 428 3D points to world coordinates set.
INFO:root:Triangulating 3D points...
INFO:root:Appending 3D coordinates to existing world points set...
INFO:root:Appended 675 3D points to world coordinates set.
INFO:root:img0010 from filepath F:\Documents\SFM_Project\images\images\img0010.jpg opened successfully.
INFO:root:Features for img0010 not found in F:\Documents\SFM_Project\features/.
INFO:root:Extracting features from img0010...
INFO:root:Feature extraction complete.
INFO:root:Writing features of image img0010 to file...
INFO:root:Features saved.
INFO:root:197 good matches found from 7389 matches between img0010 and img0002.
INFO:root:Sufficient matches found between img0010 and img0002.
INFO:root:Found 133 3D points in img0002 matching img0010.
INFO:root:961 good matches found from 7389 matches between img0010 and img0008.
INFO:root:Sufficient matches found between img0010 and img0008.
INFO:root:Found 313 3D points in img0008 matching img0010.
INFO:root:161 good matches found from 7389 matches between img0010 and img0000.
INFO:root:Sufficient matches found between img0010 and img0000.
INFO:root:Found 360 3D points in img0000 matching img0010.
INFO:root:197 good matches found from 7389 matches between img0010 and img0001.
INFO:root:Sufficient matches found between img0010 and img0001.
INFO:root:Found 468 3D points in img0001 matching img0010.
INFO:root:162 good matches found from 7389 matches between img0010 and img0003.
INFO:root:Sufficient matches found between img0010 and img0003.
INFO:root:Found 563 3D points in img0003 matching img0010.
INFO:root:203 good matches found from 7389 matches between img0010 and img0004.
INFO:root:Sufficient matches found between img0010 and img0004.
INFO:root:Found 693 3D points in img0004 matching img0010.
INFO:root:232 good matches found from 7389 matches between img0010 and img0005.
INFO:root:Sufficient matches found between img0010 and img0005.
INFO:root:Found 814 3D points in img0005 matching img0010.
INFO:root:299 good matches found from 7389 matches between img0010 and img0006.
INFO:root:Sufficient matches found between img0010 and img0006.
INFO:root:Found 935 3D points in img0006 matching img0010.
INFO:root:404 good matches found from 7389 matches between img0010 and img0007.
INFO:root:Sufficient matches found between img0010 and img0007.
INFO:root:Found 1034 3D points in img0007 matching img0010.
INFO:root:2500 good matches found from 7389 matches between img0010 and img0009.
INFO:root:Sufficient matches found between img0010 and img0009.
INFO:root:Found 1203 3D points in img0009 matching img0010.
INFO:root:Pose for img0010 calculated.
INFO:root:Triangulating 3D points...
INFO:root:Appending 3D coordinates to existing world points set...
INFO:root:Appended 18 3D points to world coordinates set.
INFO:root:Triangulating 3D points...
INFO:root:Appending 3D coordinates to existing world points set...
INFO:root:Appended 673 3D points to world coordinates set.
INFO:root:Triangulating 3D points...
INFO:root:Appending 3D coordinates to existing world points set...
INFO:root:Appended 13 3D points to world coordinates set.
INFO:root:Triangulating 3D points...
INFO:root:Appending 3D coordinates to existing world points set...
INFO:root:Appended 16 3D points to world coordinates set.
INFO:root:Triangulating 3D points...
INFO:root:Appending 3D coordinates to existing world points set...
INFO:root:Appended 39 3D points to world coordinates set.
INFO:root:Triangulating 3D points...
INFO:root:Appending 3D coordinates to existing world points set...
INFO:root:Appended 68 3D points to world coordinates set.
INFO:root:Triangulating 3D points...
INFO:root:Appending 3D coordinates to existing world points set...
INFO:root:Appended 91 3D points to world coordinates set.
INFO:root:Triangulating 3D points...
INFO:root:Appending 3D coordinates to existing world points set...
INFO:root:Appended 137 3D points to world coordinates set.
INFO:root:Triangulating 3D points...
INFO:root:Appending 3D coordinates to existing world points set...
INFO:root:Appended 227 3D points to world coordinates set.
INFO:root:Triangulating 3D points...
INFO:root:Appending 3D coordinates to existing world points set...
INFO:root:Appended 2033 3D points to world coordinates set.
INFO:root:Number of views processed: 11.
INFO:root:Number of 3D points processed: 34093.
INFO:root:Optimized 34093 in 227.04326844215393 seconds.
