INFO:root:Reading image paths text file...
INFO:root:11 images found.
INFO:root:img0002 from filepath F:\Documents\SFM_Project\images\images\img0002.jpg opened successfully.
INFO:root:img0008 from filepath F:\Documents\SFM_Project\images\images\img0008.jpg opened successfully.
INFO:root:Features for img0002 found.
INFO:root:Features for img0008 found.
INFO:root:Generating feature matches between img0002 and img0008.
INFO:root:4376 matches found.
INFO:root:194 good matches found from 4376 matches.
INFO:root:Found empty world points set. Appending 3D coordinates from baseline...
INFO:root:Appended 69 3D points to world coordinates set.
INFO:root:img0000 from filepath F:\Documents\SFM_Project\images\images\img0000.jpg opened successfully.
INFO:root:Features for img0000 found.
INFO:root:977 good matches found from 3798 matches between img0000 and img0002.
INFO:root:Sufficient homography found between img0000 and img0002.
INFO:root:Found 30 3D points in img0002 matching img0000.
INFO:root:132 good matches found from 3798 matches between img0000 and img0008.
INFO:root:Sufficient homography found between img0000 and img0008.
INFO:root:Found 47 3D points in img0008 matching img0000.
INFO:root:Appending 3D coordinates to existing world points set...
INFO:root:Appended 977 3D points to world coordinates set.
INFO:root:Appending 3D coordinates to existing world points set...
INFO:root:Appended 132 3D points to world coordinates set.
INFO:root:img0001 from filepath F:\Documents\SFM_Project\images\images\img0001.jpg opened successfully.
INFO:root:Features for img0001 found.
INFO:root:2022 good matches found from 4405 matches between img0001 and img0002.
INFO:root:Sufficient homography found between img0001 and img0002.
INFO:root:Found 896 3D points in img0002 matching img0001.
INFO:root:170 good matches found from 4405 matches between img0001 and img0008.
INFO:root:Sufficient homography found between img0001 and img0008.
INFO:root:Found 974 3D points in img0008 matching img0001.
INFO:root:1732 good matches found from 4405 matches between img0001 and img0000.
INFO:root:Sufficient homography found between img0001 and img0000.
INFO:root:Found 1893 3D points in img0000 matching img0001.
